Determining if the pthread_create exist failed with the following output:
Change Dir: /home/serdar/catkin_ws/build/CMakeFiles/CMakeTmp

Run Build Command:"/usr/bin/make" "cmTC_ea6d8/fast"
/usr/bin/make -f CMakeFiles/cmTC_ea6d8.dir/build.make CMakeFiles/cmTC_ea6d8.dir/build
make[1]: Entering directory '/home/serdar/catkin_ws/build/CMakeFiles/CMakeTmp'
Building C object CMakeFiles/cmTC_ea6d8.dir/CheckSymbolExists.c.o
/usr/bin/cc     -o CMakeFiles/cmTC_ea6d8.dir/CheckSymbolExists.c.o   -c /home/serdar/catkin_ws/build/CMakeFiles/CMakeTmp/CheckSymbolExists.c
Linking C executable cmTC_ea6d8
/usr/bin/cmake -E cmake_link_script CMakeFiles/cmTC_ea6d8.dir/link.txt --verbose=1
/usr/bin/cc       CMakeFiles/cmTC_ea6d8.dir/CheckSymbolExists.c.o  -o cmTC_ea6d8 -rdynamic 
CMakeFiles/cmTC_ea6d8.dir/CheckSymbolExists.c.o: In function `main':
CheckSymbolExists.c:(.text+0x16): undefined reference to `pthread_create'
collect2: error: ld returned 1 exit status
CMakeFiles/cmTC_ea6d8.dir/build.make:97: recipe for target 'cmTC_ea6d8' failed
make[1]: *** [cmTC_ea6d8] Error 1
make[1]: Leaving directory '/home/serdar/catkin_ws/build/CMakeFiles/CMakeTmp'
Makefile:126: recipe for target 'cmTC_ea6d8/fast' failed
make: *** [cmTC_ea6d8/fast] Error 2

File /home/serdar/catkin_ws/build/CMakeFiles/CMakeTmp/CheckSymbolExists.c:
/* */
#include <pthread.h>

int main(int argc, char** argv)
{
  (void)argv;
#ifndef pthread_create
  return ((int*)(&pthread_create))[argc];
#else
  (void)argc;
  return 0;
#endif
}

Determining if the function pthread_create exists in the pthreads failed with the following output:
Change Dir: /home/serdar/catkin_ws/build/CMakeFiles/CMakeTmp

Run Build Command:"/usr/bin/make" "cmTC_7caca/fast"
/usr/bin/make -f CMakeFiles/cmTC_7caca.dir/build.make CMakeFiles/cmTC_7caca.dir/build
make[1]: Entering directory '/home/serdar/catkin_ws/build/CMakeFiles/CMakeTmp'
Building C object CMakeFiles/cmTC_7caca.dir/CheckFunctionExists.c.o
/usr/bin/cc    -DCHECK_FUNCTION_EXISTS=pthread_create   -o CMakeFiles/cmTC_7caca.dir/CheckFunctionExists.c.o   -c /usr/share/cmake-3.5/Modules/CheckFunctionExists.c
Linking C executable cmTC_7caca
/usr/bin/cmake -E cmake_link_script CMakeFiles/cmTC_7caca.dir/link.txt --verbose=1
/usr/bin/cc   -DCHECK_FUNCTION_EXISTS=pthread_create    CMakeFiles/cmTC_7caca.dir/CheckFunctionExists.c.o  -o cmTC_7caca -rdynamic -lpthreads 
/usr/bin/ld: cannot find -lpthreads
collect2: error: ld returned 1 exit status
CMakeFiles/cmTC_7caca.dir/build.make:97: recipe for target 'cmTC_7caca' failed
make[1]: *** [cmTC_7caca] Error 1
make[1]: Leaving directory '/home/serdar/catkin_ws/build/CMakeFiles/CMakeTmp'
Makefile:126: recipe for target 'cmTC_7caca/fast' failed
make: *** [cmTC_7caca/fast] Error 2


Determining if the Q_WS_WIN exist failed with the following output:
Change Dir: /home/serdar/catkin_ws/build/CMakeFiles/CMakeTmp

Run Build Command:"/usr/bin/make" "cmTC_4d738/fast"
/usr/bin/make -f CMakeFiles/cmTC_4d738.dir/build.make CMakeFiles/cmTC_4d738.dir/build
make[1]: Entering directory '/home/serdar/catkin_ws/build/CMakeFiles/CMakeTmp'
Building CXX object CMakeFiles/cmTC_4d738.dir/CheckSymbolExists.cxx.o
/usr/bin/c++    -I/usr/include/qt4   -o CMakeFiles/cmTC_4d738.dir/CheckSymbolExists.cxx.o -c /home/serdar/catkin_ws/build/CMakeFiles/CMakeTmp/CheckSymbolExists.cxx
/home/serdar/catkin_ws/build/CMakeFiles/CMakeTmp/CheckSymbolExists.cxx: In function ‘int main(int, char**)’:
/home/serdar/catkin_ws/build/CMakeFiles/CMakeTmp/CheckSymbolExists.cxx:8:19: error: ‘Q_WS_WIN’ was not declared in this scope
   return ((int*)(&Q_WS_WIN))[argc];
                   ^
CMakeFiles/cmTC_4d738.dir/build.make:65: recipe for target 'CMakeFiles/cmTC_4d738.dir/CheckSymbolExists.cxx.o' failed
make[1]: *** [CMakeFiles/cmTC_4d738.dir/CheckSymbolExists.cxx.o] Error 1
make[1]: Leaving directory '/home/serdar/catkin_ws/build/CMakeFiles/CMakeTmp'
Makefile:126: recipe for target 'cmTC_4d738/fast' failed
make: *** [cmTC_4d738/fast] Error 2

File /home/serdar/catkin_ws/build/CMakeFiles/CMakeTmp/CheckSymbolExists.cxx:
/* */
#include <QtCore/qglobal.h>

int main(int argc, char** argv)
{
  (void)argv;
#ifndef Q_WS_WIN
  return ((int*)(&Q_WS_WIN))[argc];
#else
  (void)argc;
  return 0;
#endif
}

Determining if the Q_WS_QWS exist failed with the following output:
Change Dir: /home/serdar/catkin_ws/build/CMakeFiles/CMakeTmp

Run Build Command:"/usr/bin/make" "cmTC_28a33/fast"
/usr/bin/make -f CMakeFiles/cmTC_28a33.dir/build.make CMakeFiles/cmTC_28a33.dir/build
make[1]: Entering directory '/home/serdar/catkin_ws/build/CMakeFiles/CMakeTmp'
Building CXX object CMakeFiles/cmTC_28a33.dir/CheckSymbolExists.cxx.o
/usr/bin/c++    -I/usr/include/qt4   -o CMakeFiles/cmTC_28a33.dir/CheckSymbolExists.cxx.o -c /home/serdar/catkin_ws/build/CMakeFiles/CMakeTmp/CheckSymbolExists.cxx
/home/serdar/catkin_ws/build/CMakeFiles/CMakeTmp/CheckSymbolExists.cxx: In function ‘int main(int, char**)’:
/home/serdar/catkin_ws/build/CMakeFiles/CMakeTmp/CheckSymbolExists.cxx:8:19: error: ‘Q_WS_QWS’ was not declared in this scope
   return ((int*)(&Q_WS_QWS))[argc];
                   ^
CMakeFiles/cmTC_28a33.dir/build.make:65: recipe for target 'CMakeFiles/cmTC_28a33.dir/CheckSymbolExists.cxx.o' failed
make[1]: *** [CMakeFiles/cmTC_28a33.dir/CheckSymbolExists.cxx.o] Error 1
make[1]: Leaving directory '/home/serdar/catkin_ws/build/CMakeFiles/CMakeTmp'
Makefile:126: recipe for target 'cmTC_28a33/fast' failed
make: *** [cmTC_28a33/fast] Error 2

File /home/serdar/catkin_ws/build/CMakeFiles/CMakeTmp/CheckSymbolExists.cxx:
/* */
#include <QtCore/qglobal.h>

int main(int argc, char** argv)
{
  (void)argv;
#ifndef Q_WS_QWS
  return ((int*)(&Q_WS_QWS))[argc];
#else
  (void)argc;
  return 0;
#endif
}

Determining if the Q_WS_MAC exist failed with the following output:
Change Dir: /home/serdar/catkin_ws/build/CMakeFiles/CMakeTmp

Run Build Command:"/usr/bin/make" "cmTC_233cb/fast"
/usr/bin/make -f CMakeFiles/cmTC_233cb.dir/build.make CMakeFiles/cmTC_233cb.dir/build
make[1]: Entering directory '/home/serdar/catkin_ws/build/CMakeFiles/CMakeTmp'
Building CXX object CMakeFiles/cmTC_233cb.dir/CheckSymbolExists.cxx.o
/usr/bin/c++    -I/usr/include/qt4   -o CMakeFiles/cmTC_233cb.dir/CheckSymbolExists.cxx.o -c /home/serdar/catkin_ws/build/CMakeFiles/CMakeTmp/CheckSymbolExists.cxx
/home/serdar/catkin_ws/build/CMakeFiles/CMakeTmp/CheckSymbolExists.cxx: In function ‘int main(int, char**)’:
/home/serdar/catkin_ws/build/CMakeFiles/CMakeTmp/CheckSymbolExists.cxx:8:19: error: ‘Q_WS_MAC’ was not declared in this scope
   return ((int*)(&Q_WS_MAC))[argc];
                   ^
CMakeFiles/cmTC_233cb.dir/build.make:65: recipe for target 'CMakeFiles/cmTC_233cb.dir/CheckSymbolExists.cxx.o' failed
make[1]: *** [CMakeFiles/cmTC_233cb.dir/CheckSymbolExists.cxx.o] Error 1
make[1]: Leaving directory '/home/serdar/catkin_ws/build/CMakeFiles/CMakeTmp'
Makefile:126: recipe for target 'cmTC_233cb/fast' failed
make: *** [cmTC_233cb/fast] Error 2

File /home/serdar/catkin_ws/build/CMakeFiles/CMakeTmp/CheckSymbolExists.cxx:
/* */
#include <QtCore/qglobal.h>

int main(int argc, char** argv)
{
  (void)argv;
#ifndef Q_WS_MAC
  return ((int*)(&Q_WS_MAC))[argc];
#else
  (void)argc;
  return 0;
#endif
}

